error: No se pudo obtener productos de la DB
error: No se pudo obtener productos de la DB
error: No se pudo obtener productos de la DB
error: No se pudo obtener producto por ID
error: Cannot read properties of undefined (reading '0')
error: No se pudo obtener productos de la DB
error: No se pudo obtener productos de la DB
error: No se pudo obtener producto por ID
error: Cannot read properties of undefined (reading '0')
error: usuario no existe
error: No se pudo borrar producto
error: No se pudo borrar producto
error: No se pudo borrar producto
error: No se pudo borrar producto
error: No se pudo borrar producto
error: No se pudo borrar producto
error: No se pudo borrar producto
error: No se pudo borrar producto
error: No se pudo borrar producto
error: No se pudo borrar producto
error: No se pudo borrar producto
error: No se pudo borrar producto
error: No se pudo borrar producto
error: No se pudo borrar producto
error: No se pudo borrar producto
error: No se pudo borrar producto
error: No se pudo borrar producto
error: No se pudo borrar producto
error: undefined
error: undefined
